2019-04-14 00:45:44.631058 (11151) main____ INFO    ----------------------------------------
2019-04-14 00:45:44.631228 (11151) main____ INFO    JasperGold version info
2019-04-14 00:45:44.631255 (11151) main____ INFO      tool      : JasperGold 2018.09
2019-04-14 00:45:44.631276 (11151) main____ INFO      version   : 2018.09p001 64 bits
2019-04-14 00:45:44.631290 (11151) main____ INFO      build date: 2018.11.02 18:06:33 PDT
2019-04-14 00:45:44.631300 (11151) main____ INFO    ----------------------------------------
2019-04-14 00:45:44.631309 (11151) main____ INFO    Runtime info:
2019-04-14 00:45:44.631322 (11151) main____ INFO      platform  : Linux 4.15.0-20-generic x86_64
2019-04-14 00:45:44.631338 (11151) main____ INFO      hostname  : eecs-810rds-16
2019-04-14 00:45:44.631350 (11151) main____ INFO      pid       : 11151
2019-04-14 00:45:44.631360 (11151) main____ INFO      arguments : '-style' 'windows'
2019-04-14 00:45:44.631369 (11151) main____ INFO    ----------------------------------------
2019-04-14 00:45:44.631378 (11151) main____ INFO    System resource limits info:
2019-04-14 00:45:44.631389 (11151) main____ INFO      virtual memory: unlimited
2019-04-14 00:45:44.631400 (11151) main____ INFO      cpu time      : unlimited
2019-04-14 00:45:44.631425 (11151) main____ INFO      stack size    : 8388608 B
2019-04-14 00:45:44.631437 (11151) main____ INFO      core file size: unlimited
2019-04-14 00:45:44.631455 (11151) main____ INFO      open files    : 1024
2019-04-14 00:45:44.631467 (11151) main____ INFO      file size     : unlimited
2019-04-14 00:45:44.631477 (11151) main____ INFO    ----------------------------------------
2019-04-14 00:45:44.631486 (11151) main____ INFO    Memory statistics:
2019-04-14 00:45:44.631496 (11151) main____ INFO      total physical memory  : 32770584 kB
2019-04-14 00:45:44.631505 (11151) main____ INFO      free physical memory   : 22067088 kB
2019-04-14 00:45:44.631514 (11151) main____ INFO      committed address space: 13157180 kB
2019-04-14 00:45:44.631523 (11151) main____ INFO    ----------------------------------------
2019-04-14 00:45:44.631597 (11151) main____ INFO    Important environment variables:
2019-04-14 00:45:44.631621 (11151) main____ INFO      CDS_LIC_FILE: '5280@synopsys-license-0.eecs.uc.edu'
2019-04-14 00:45:44.631638 (11151) main____ INFO      DISPLAY     : ':2'
2019-04-14 00:45:44.631653 (11151) main____ INFO      EDITOR      : 'vi'
2019-04-14 00:45:44.631663 (11151) main____ INFO    ----------------------------------------
2019-04-14 00:45:44.632563 (11151) lic_core INFO    Initializing license system ...
2019-04-14 00:45:44.642521 (11151) lic_core INFO    ... license system initialized.
2019-04-14 00:45:44.645281 (11151) lic__man INFO    Claim 'main' for <ui>.
2019-04-14 00:45:44.645356 (11151) lic_core INFO    (1) checking out 'jasper_interactive' ...
2019-04-14 00:45:44.716009 (11151) lic_core INFO    ... (1) checkout succeeded
2019-04-14 00:45:44.716137 (11151) lic__man INFO    Claim 'fpv' for <ui>.
2019-04-14 00:45:44.716207 (11151) lic_core INFO    (2) checking out 'jasper_fpv' ...
2019-04-14 00:45:44.747783 (11151) lic_core INFO    ... (2) checkout succeeded
2019-04-14 00:45:45.759444 (11151) lic__man INFO    Claim 'fpv' for <ui>.
2019-04-14 00:45:46.965200 (11151) lic__man INFO    Unclaim 'fpv' for <ui>.
2019-04-14 00:45:46.965241 (11151) lic__man INFO    Claim 'fpv' for <ui>.
2019-04-14 00:45:47.032197 (11151) session_ INFO    Starting analysis session with session id 'session_0' ...
2019-04-14 00:45:47.034975 (11151) session_ INFO    Analysis session with session id 'session_0' started (pid: 11168)
2019-04-14 00:45:56.311529 (11151) main____ INFO    About to exit: requested from GUI
2019-04-14 00:45:57.306705 (11151) main____ INFO    Exiting with status 0.
