Determining if the pthread_create exist failed with the following output:
Change Dir: /home/michael/Documents/drive_sync/Classwork/Spring2019/design_automation/homework/Homework 2/build/CMakeFiles/CMakeTmp

Run Build Command(s):/usr/bin/make cmTC_9c590/fast 
/usr/bin/make -f CMakeFiles/cmTC_9c590.dir/build.make CMakeFiles/cmTC_9c590.dir/build
make[1]: Entering directory '/home/michael/Documents/drive_sync/Classwork/Spring2019/design_automation/homework/Homework 2/build/CMakeFiles/CMakeTmp'
Building C object CMakeFiles/cmTC_9c590.dir/CheckSymbolExists.c.o
/usr/bin/cc    -o CMakeFiles/cmTC_9c590.dir/CheckSymbolExists.c.o   -c "/home/michael/Documents/drive_sync/Classwork/Spring2019/design_automation/homework/Homework 2/build/CMakeFiles/CMakeTmp/CheckSymbolExists.c"
Linking C executable cmTC_9c590
/usr/bin/cmake -E cmake_link_script CMakeFiles/cmTC_9c590.dir/link.txt --verbose=1
/usr/bin/cc      -rdynamic CMakeFiles/cmTC_9c590.dir/CheckSymbolExists.c.o  -o cmTC_9c590 
/usr/bin/ld: CMakeFiles/cmTC_9c590.dir/CheckSymbolExists.c.o: in function `main':
CheckSymbolExists.c:(.text+0x1b): undefined reference to `pthread_create'
collect2: error: ld returned 1 exit status
make[1]: *** [CMakeFiles/cmTC_9c590.dir/build.make:87: cmTC_9c590] Error 1
make[1]: Leaving directory '/home/michael/Documents/drive_sync/Classwork/Spring2019/design_automation/homework/Homework 2/build/CMakeFiles/CMakeTmp'
make: *** [Makefile:121: cmTC_9c590/fast] Error 2

File /home/michael/Documents/drive_sync/Classwork/Spring2019/design_automation/homework/Homework 2/build/CMakeFiles/CMakeTmp/CheckSymbolExists.c:
/* */
#include <pthread.h>

int main(int argc, char** argv)
{
  (void)argv;
#ifndef pthread_create
  return ((int*)(&pthread_create))[argc];
#else
  (void)argc;
  return 0;
#endif
}

Determining if the function pthread_create exists in the pthreads failed with the following output:
Change Dir: /home/michael/Documents/drive_sync/Classwork/Spring2019/design_automation/homework/Homework 2/build/CMakeFiles/CMakeTmp

Run Build Command(s):/usr/bin/make cmTC_a581e/fast 
/usr/bin/make -f CMakeFiles/cmTC_a581e.dir/build.make CMakeFiles/cmTC_a581e.dir/build
make[1]: Entering directory '/home/michael/Documents/drive_sync/Classwork/Spring2019/design_automation/homework/Homework 2/build/CMakeFiles/CMakeTmp'
Building C object CMakeFiles/cmTC_a581e.dir/CheckFunctionExists.c.o
/usr/bin/cc   -DCHECK_FUNCTION_EXISTS=pthread_create   -o CMakeFiles/cmTC_a581e.dir/CheckFunctionExists.c.o   -c /usr/share/cmake-3.14/Modules/CheckFunctionExists.c
Linking C executable cmTC_a581e
/usr/bin/cmake -E cmake_link_script CMakeFiles/cmTC_a581e.dir/link.txt --verbose=1
/usr/bin/cc  -DCHECK_FUNCTION_EXISTS=pthread_create    -rdynamic CMakeFiles/cmTC_a581e.dir/CheckFunctionExists.c.o  -o cmTC_a581e -lpthreads 
/usr/bin/ld: cannot find -lpthreads
collect2: error: ld returned 1 exit status
make[1]: *** [CMakeFiles/cmTC_a581e.dir/build.make:87: cmTC_a581e] Error 1
make[1]: Leaving directory '/home/michael/Documents/drive_sync/Classwork/Spring2019/design_automation/homework/Homework 2/build/CMakeFiles/CMakeTmp'
make: *** [Makefile:121: cmTC_a581e/fast] Error 2


